Loaded module: cuda/11.8
Loaded module: gcc/11.3.0-binutils-2.38
Loaded module: openblas/0.3.19
Loaded dependency [python3/3.9.11]: gcc/10.3.0-binutils-2.36.1
Loaded module: python3/3.9.11

Loading python3/3.9.11
  Loading requirement: gcc/10.3.0-binutils-2.36.1
Loaded module: numpy/1.22.3-python-3.9.11-openblas-0.3.19
Loaded module: pandas/1.4.1-python-3.9.11
Loaded module: scipy/1.7.3-python-3.9.11
Loaded module: matplotlib/3.5.1-numpy-1.22.2-python-3.9.11
Loaded module: studio/12u6
Loaded module: dotnet/3.1.401
/zhome/f0/a/165104/.local/lib/python3.9/site-packages/glfw/__init__.py:916: GLFWError: (65544) b'X11: The DISPLAY environment variable is missing'
  warnings.warn(message, GLFWError)
/zhome/f0/a/165104/.local/lib/python3.9/site-packages/hydra/_internal/defaults_list.py:251: UserWarning: In 'config': Defaults list is missing `_self_`. See https://hydra.cc/docs/1.2/upgrades/1.0_to_1.1/default_composition_order for more information
  warnings.warn(msg, UserWarning)
wandb: Currently logged in as: baixianger. Use `wandb login --relogin` to force relogin
wandb: Tracking run with wandb version 0.15.3
wandb: Run data is saved locally in /work3/s213120/whipping_targets/wandb/run-20230523_004036-nrhw6xw9
wandb: Run `wandb offline` to turn off syncing.
wandb: Syncing run SingleStepTask-v0__test__42__1684795233
wandb: ⭐️ View project at https://wandb.ai/baixianger/whipping
wandb: 🚀 View run at https://wandb.ai/baixianger/whipping/runs/nrhw6xw9
User defined signal 2
